This file contains any messages produced by compilers while
running configure, to aid debugging if configure makes a mistake.

It was created by configure, which was
generated by GNU Autoconf 2.63.  Invocation command line was

  $ ./configure 

## --------- ##
## Platform. ##
## --------- ##

hostname = Jabberwock
uname -m = x86_64
uname -r = 2.6.31-14-generic
uname -s = Linux
uname -v = #48-Ubuntu SMP Fri Oct 16 14:05:01 UTC 2009

/usr/bin/uname -p = unknown
/bin/uname -X     = unknown

/bin/arch              = unknown
/usr/bin/arch -k       = unknown
/usr/convex/getsysinfo = unknown
/usr/bin/hostinfo      = unknown
/bin/machine           = unknown
/usr/bin/oslevel       = unknown
/bin/universe          = unknown

PATH: /usr/local/sbin
PATH: /usr/local/bin
PATH: /usr/sbin
PATH: /usr/bin
PATH: /sbin
PATH: /bin
PATH: /usr/games


## ----------- ##
## Core tests. ##
## ----------- ##

configure:2056: checking for a BSD-compatible install
configure:2124: result: /usr/bin/install -c
configure:2135: checking whether build environment is sane
configure:2178: result: yes
configure:2203: checking for a thread-safe mkdir -p
configure:2242: result: /bin/mkdir -p
configure:2255: checking for gawk
configure:2285: result: no
configure:2255: checking for mawk
configure:2271: found /usr/bin/mawk
configure:2282: result: mawk
configure:2293: checking whether make sets $(MAKE)
configure:2315: result: yes
configure:2515: checking for style of include used by make
configure:2543: result: GNU
configure:2613: checking for gcc
configure:2629: found /usr/bin/gcc
configure:2640: result: gcc
configure:2872: checking for C compiler version
configure:2880: gcc --version >&5
gcc (Ubuntu 4.4.1-4ubuntu8) 4.4.1
Copyright (C) 2009 Free Software Foundation, Inc.
This is free software; see the source for copying conditions.  There is NO
warranty; not even for MERCHANTABILITY or FITNESS FOR A PARTICULAR PURPOSE.

configure:2884: $? = 0
configure:2891: gcc -v >&5
Using built-in specs.
Target: x86_64-linux-gnu
Configured with: ../src/configure -v --with-pkgversion='Ubuntu 4.4.1-4ubuntu8' --with-bugurl=file:///usr/share/doc/gcc-4.4/README.Bugs --enable-languages=c,c++,fortran,objc,obj-c++ --prefix=/usr --enable-shared --enable-multiarch --enable-linker-build-id --with-system-zlib --libexecdir=/usr/lib --without-included-gettext --enable-threads=posix --with-gxx-include-dir=/usr/include/c++/4.4 --program-suffix=-4.4 --enable-nls --enable-clocale=gnu --enable-libstdcxx-debug --enable-objc-gc --disable-werror --with-arch-32=i486 --with-tune=generic --enable-checking=release --build=x86_64-linux-gnu --host=x86_64-linux-gnu --target=x86_64-linux-gnu
Thread model: posix
gcc version 4.4.1 (Ubuntu 4.4.1-4ubuntu8) 
configure:2895: $? = 0
configure:2902: gcc -V >&5
gcc: '-V' option must have argument
configure:2906: $? = 1
configure:2929: checking for C compiler default output file name
configure:2951: gcc    conftest.c  >&5
configure:2955: $? = 0
configure:2993: result: a.out
configure:3012: checking whether the C compiler works
configure:3022: ./a.out
configure:3026: $? = 0
configure:3045: result: yes
configure:3052: checking whether we are cross compiling
configure:3054: result: no
configure:3057: checking for suffix of executables
configure:3064: gcc -o conftest    conftest.c  >&5
configure:3068: $? = 0
configure:3094: result: 
configure:3100: checking for suffix of object files
configure:3126: gcc -c   conftest.c >&5
configure:3130: $? = 0
configure:3155: result: o
configure:3159: checking whether we are using the GNU C compiler
configure:3188: gcc -c   conftest.c >&5
configure:3195: $? = 0
configure:3212: result: yes
configure:3221: checking whether gcc accepts -g
configure:3251: gcc -c -g  conftest.c >&5
configure:3258: $? = 0
configure:3359: result: yes
configure:3376: checking for gcc option to accept ISO C89
configure:3450: gcc  -c -g -O2  conftest.c >&5
configure:3457: $? = 0
configure:3480: result: none needed
configure:3500: checking dependency style of gcc
configure:3591: result: gcc3
configure:3607: checking for library containing strerror
configure:3648: gcc -o conftest -g -O2   conftest.c  >&5
configure:3655: $? = 0
configure:3686: result: none required
configure:3742: checking for gcc
configure:3769: result: gcc
configure:4001: checking for C compiler version
configure:4009: gcc --version >&5
gcc (Ubuntu 4.4.1-4ubuntu8) 4.4.1
Copyright (C) 2009 Free Software Foundation, Inc.
This is free software; see the source for copying conditions.  There is NO
warranty; not even for MERCHANTABILITY or FITNESS FOR A PARTICULAR PURPOSE.

configure:4013: $? = 0
configure:4020: gcc -v >&5
Using built-in specs.
Target: x86_64-linux-gnu
Configured with: ../src/configure -v --with-pkgversion='Ubuntu 4.4.1-4ubuntu8' --with-bugurl=file:///usr/share/doc/gcc-4.4/README.Bugs --enable-languages=c,c++,fortran,objc,obj-c++ --prefix=/usr --enable-shared --enable-multiarch --enable-linker-build-id --with-system-zlib --libexecdir=/usr/lib --without-included-gettext --enable-threads=posix --with-gxx-include-dir=/usr/include/c++/4.4 --program-suffix=-4.4 --enable-nls --enable-clocale=gnu --enable-libstdcxx-debug --enable-objc-gc --disable-werror --with-arch-32=i486 --with-tune=generic --enable-checking=release --build=x86_64-linux-gnu --host=x86_64-linux-gnu --target=x86_64-linux-gnu
Thread model: posix
gcc version 4.4.1 (Ubuntu 4.4.1-4ubuntu8) 
configure:4024: $? = 0
configure:4031: gcc -V >&5
gcc: '-V' option must have argument
configure:4035: $? = 1
configure:4038: checking whether we are using the GNU C compiler
configure:4091: result: yes
configure:4100: checking whether gcc accepts -g
configure:4238: result: yes
configure:4255: checking for gcc option to accept ISO C89
configure:4359: result: none needed
configure:4379: checking dependency style of gcc
configure:4470: result: gcc3
configure:4533: checking for gcc
configure:4560: result: gcc
configure:4792: checking for C compiler version
configure:4800: gcc --version >&5
gcc (Ubuntu 4.4.1-4ubuntu8) 4.4.1
Copyright (C) 2009 Free Software Foundation, Inc.
This is free software; see the source for copying conditions.  There is NO
warranty; not even for MERCHANTABILITY or FITNESS FOR A PARTICULAR PURPOSE.

configure:4804: $? = 0
configure:4811: gcc -v >&5
Using built-in specs.
Target: x86_64-linux-gnu
Configured with: ../src/configure -v --with-pkgversion='Ubuntu 4.4.1-4ubuntu8' --with-bugurl=file:///usr/share/doc/gcc-4.4/README.Bugs --enable-languages=c,c++,fortran,objc,obj-c++ --prefix=/usr --enable-shared --enable-multiarch --enable-linker-build-id --with-system-zlib --libexecdir=/usr/lib --without-included-gettext --enable-threads=posix --with-gxx-include-dir=/usr/include/c++/4.4 --program-suffix=-4.4 --enable-nls --enable-clocale=gnu --enable-libstdcxx-debug --enable-objc-gc --disable-werror --with-arch-32=i486 --with-tune=generic --enable-checking=release --build=x86_64-linux-gnu --host=x86_64-linux-gnu --target=x86_64-linux-gnu
Thread model: posix
gcc version 4.4.1 (Ubuntu 4.4.1-4ubuntu8) 
configure:4815: $? = 0
configure:4822: gcc -V >&5
gcc: '-V' option must have argument
configure:4826: $? = 1
configure:4829: checking whether we are using the GNU C compiler
configure:4882: result: yes
configure:4891: checking whether gcc accepts -g
configure:5029: result: yes
configure:5046: checking for gcc option to accept ISO C89
configure:5150: result: none needed
configure:5170: checking dependency style of gcc
configure:5261: result: gcc3
configure:5284: checking how to run the C preprocessor
configure:5324: gcc -E  conftest.c
configure:5331: $? = 0
configure:5362: gcc -E  conftest.c
conftest.c:10:28: error: ac_nonexistent.h: No such file or directory
configure:5369: $? = 1
configure: failed program was:
| /* confdefs.h.  */
| #define PACKAGE_NAME ""
| #define PACKAGE_TARNAME ""
| #define PACKAGE_VERSION ""
| #define PACKAGE_STRING ""
| #define PACKAGE_BUGREPORT ""
| #define PACKAGE "vifm"
| #define VERSION "0.6"
| /* end confdefs.h.  */
| #include <ac_nonexistent.h>
configure:5402: result: gcc -E
configure:5431: gcc -E  conftest.c
configure:5438: $? = 0
configure:5469: gcc -E  conftest.c
conftest.c:10:28: error: ac_nonexistent.h: No such file or directory
configure:5476: $? = 1
configure: failed program was:
| /* confdefs.h.  */
| #define PACKAGE_NAME ""
| #define PACKAGE_TARNAME ""
| #define PACKAGE_VERSION ""
| #define PACKAGE_STRING ""
| #define PACKAGE_BUGREPORT ""
| #define PACKAGE "vifm"
| #define VERSION "0.6"
| /* end confdefs.h.  */
| #include <ac_nonexistent.h>
configure:5516: checking for grep that handles long lines and -e
configure:5576: result: /bin/grep
configure:5581: checking for egrep
configure:5645: result: /bin/grep -E
configure:5650: checking for ANSI C header files
configure:5680: gcc -c -g -O2  conftest.c >&5
configure:5687: $? = 0
configure:5786: gcc -o conftest -g -O2   conftest.c  >&5
configure:5790: $? = 0
configure:5796: ./conftest
configure:5800: $? = 0
configure:5818: result: yes
configure:5859: checking build system type
configure:5877: result: x86_64-unknown-linux-gnu
configure:5899: checking host system type
configure:5914: result: x86_64-unknown-linux-gnu
configure:5936: checking for a sed that does not truncate output
configure:6002: result: /bin/sed
configure:6020: checking for fgrep
configure:6084: result: /bin/grep -F
configure:6119: checking for ld used by gcc
configure:6186: result: /usr/bin/ld
configure:6195: checking if the linker (/usr/bin/ld) is GNU ld
configure:6210: result: yes
configure:6222: checking for BSD- or MS-compatible name lister (nm)
configure:6271: result: /usr/bin/nm -B
configure:6389: checking the name lister (/usr/bin/nm -B) interface
configure:6396: gcc -c -g -O2  conftest.c >&5
configure:6399: /usr/bin/nm -B "conftest.o"
configure:6402: output
0000000000000000 B some_variable
configure:6409: result: BSD nm
configure:6412: checking whether ln -s works
configure:6416: result: yes
configure:6424: checking the maximum length of command line arguments
configure:6544: result: 1572864
configure:6561: checking whether the shell understands some XSI constructs
configure:6571: result: yes
configure:6575: checking whether the shell understands "+="
configure:6581: result: yes
configure:6616: checking for /usr/bin/ld option to reload object files
configure:6623: result: -r
configure:6692: checking for objdump
configure:6708: found /usr/bin/objdump
configure:6719: result: objdump
configure:6751: checking how to recognize dependent libraries
configure:6947: result: pass_all
configure:7007: checking for ar
configure:7023: found /usr/bin/ar
configure:7034: result: ar
configure:7112: checking for strip
configure:7128: found /usr/bin/strip
configure:7139: result: strip
configure:7211: checking for ranlib
configure:7227: found /usr/bin/ranlib
configure:7238: result: ranlib
configure:7328: checking command to parse /usr/bin/nm -B output from gcc object
configure:7446: gcc -c -g -O2  conftest.c >&5
configure:7449: $? = 0
configure:7453: /usr/bin/nm -B conftest.o \| sed -n -e 's/^.*[	 ]\([ABCDGIRSTW][ABCDGIRSTW]*\)[	 ][	 ]*\([_A-Za-z][_A-Za-z0-9]*\)$/\1 \2 \2/p' \> conftest.nm
configure:7456: $? = 0
configure:7510: gcc -o conftest -g -O2   conftest.c conftstm.o >&5
configure:7513: $? = 0
configure:7551: result: ok
configure:7646: gcc -c -g -O2  conftest.c >&5
configure:7649: $? = 0
configure:8426: checking for sys/types.h
configure:8447: gcc -c -g -O2  conftest.c >&5
configure:8454: $? = 0
configure:8471: result: yes
configure:8426: checking for sys/stat.h
configure:8447: gcc -c -g -O2  conftest.c >&5
configure:8454: $? = 0
configure:8471: result: yes
configure:8426: checking for stdlib.h
configure:8447: gcc -c -g -O2  conftest.c >&5
configure:8454: $? = 0
configure:8471: result: yes
configure:8426: checking for string.h
configure:8447: gcc -c -g -O2  conftest.c >&5
configure:8454: $? = 0
configure:8471: result: yes
configure:8426: checking for memory.h
configure:8447: gcc -c -g -O2  conftest.c >&5
configure:8454: $? = 0
configure:8471: result: yes
configure:8426: checking for strings.h
configure:8447: gcc -c -g -O2  conftest.c >&5
configure:8454: $? = 0
configure:8471: result: yes
configure:8426: checking for inttypes.h
configure:8447: gcc -c -g -O2  conftest.c >&5
configure:8454: $? = 0
configure:8471: result: yes
configure:8426: checking for stdint.h
configure:8447: gcc -c -g -O2  conftest.c >&5
configure:8454: $? = 0
configure:8471: result: yes
configure:8426: checking for unistd.h
configure:8447: gcc -c -g -O2  conftest.c >&5
configure:8454: $? = 0
configure:8471: result: yes
configure:8489: checking for dlfcn.h
configure:8510: gcc -c -g -O2  conftest.c >&5
configure:8517: $? = 0
configure:8534: result: yes
configure:8720: checking for objdir
configure:8735: result: .libs
configure:9027: checking if gcc supports -fno-rtti -fno-exceptions
configure:9045: gcc -c -g -O2  -fno-rtti -fno-exceptions conftest.c >&5
cc1: warning: command line option "-fno-rtti" is valid for C++/ObjC++ but not for C
configure:9049: $? = 0
configure:9062: result: no
configure:9082: checking for gcc option to produce PIC
configure:9354: result: -fPIC -DPIC
configure:9366: checking if gcc PIC flag -fPIC -DPIC works
configure:9384: gcc -c -g -O2  -fPIC -DPIC -DPIC conftest.c >&5
configure:9388: $? = 0
configure:9401: result: yes
configure:9425: checking if gcc static flag -static works
configure:9453: result: yes
configure:9468: checking if gcc supports -c -o file.o
configure:9489: gcc -c -g -O2  -o out/conftest2.o conftest.c >&5
configure:9493: $? = 0
configure:9515: result: yes
configure:9523: checking if gcc supports -c -o file.o
configure:9570: result: yes
configure:9603: checking whether the gcc linker (/usr/bin/ld -m elf_x86_64) supports shared libraries
configure:10678: result: yes
configure:10715: checking whether -lc should be explicitly linked in
configure:10720: gcc -c -g -O2  conftest.c >&5
configure:10723: $? = 0
configure:10738: gcc -shared conftest.o  -v -Wl,-soname -Wl,conftest -o conftest 2\>\&1 \| /bin/grep  -lc  \>/dev/null 2\>\&1
configure:10741: $? = 0
configure:10753: result: no
configure:10917: checking dynamic linker characteristics
configure:11360: gcc -o conftest -g -O2   -Wl,-rpath -Wl,/foo conftest.c  >&5
configure:11367: $? = 0
configure:11612: result: GNU/Linux ld.so
configure:11714: checking how to hardcode library paths into programs
configure:11739: result: immediate
configure:12572: checking whether stripping libraries is possible
configure:12577: result: yes
configure:12612: checking if libtool supports shared libraries
configure:12614: result: yes
configure:12617: checking whether to build shared libraries
configure:12638: result: yes
configure:12641: checking whether to build static libraries
configure:12645: result: yes
configure:12700: checking limits.h usability
configure:12717: gcc -c -g -O2  conftest.c >&5
configure:12724: $? = 0
configure:12738: result: yes
configure:12742: checking limits.h presence
configure:12757: gcc -E  conftest.c
configure:12764: $? = 0
configure:12778: result: yes
configure:12806: checking for limits.h
configure:12815: result: yes
configure:12700: checking sys/time.h usability
configure:12717: gcc -c -g -O2  conftest.c >&5
configure:12724: $? = 0
configure:12738: result: yes
configure:12742: checking sys/time.h presence
configure:12757: gcc -E  conftest.c
configure:12764: $? = 0
configure:12778: result: yes
configure:12806: checking for sys/time.h
configure:12815: result: yes
configure:12689: checking for unistd.h
configure:12696: result: yes
configure:12700: checking wchar.h usability
configure:12717: gcc -c -g -O2  conftest.c >&5
configure:12724: $? = 0
configure:12738: result: yes
configure:12742: checking wchar.h presence
configure:12757: gcc -E  conftest.c
configure:12764: $? = 0
configure:12778: result: yes
configure:12806: checking for wchar.h
configure:12815: result: yes
configure:12838: checking for getcwd
configure:12894: gcc -o conftest -g -O2   conftest.c  >&5
configure:12901: $? = 0
configure:12923: result: yes
configure:12838: checking for mkdir
configure:12894: gcc -o conftest -g -O2   conftest.c  >&5
configure:12901: $? = 0
configure:12923: result: yes
configure:12838: checking for regcomp
configure:12894: gcc -o conftest -g -O2   conftest.c  >&5
configure:12901: $? = 0
configure:12923: result: yes
configure:12838: checking for strdup
configure:12894: gcc -o conftest -g -O2   conftest.c  >&5
conftest.c:52: warning: conflicting types for built-in function 'strdup'
configure:12901: $? = 0
configure:12923: result: yes
configure:12838: checking for strstr
configure:12894: gcc -o conftest -g -O2   conftest.c  >&5
conftest.c:53: warning: conflicting types for built-in function 'strstr'
configure:12901: $? = 0
configure:12923: result: yes
configure:12942: checking for special C compiler options needed for large files
configure:13037: result: no
configure:13043: checking for _FILE_OFFSET_BITS value needed for large files
configure:13078: gcc -c -g -O2  conftest.c >&5
configure:13085: $? = 0
configure:13154: result: no
configure:13291: checking for _LARGEFILE_SOURCE value needed for large files
configure:13320: gcc -o conftest -g -O2   conftest.c  >&5
configure:13327: $? = 0
configure:13400: result: no
configure:13423: checking for off_t
configure:13451: gcc -c -g -O2  conftest.c >&5
configure:13458: $? = 0
configure:13485: gcc -c -g -O2  conftest.c >&5
conftest.c: In function 'main':
conftest.c:68: error: expected expression before ')' token
configure:13492: $? = 1
configure: failed program was:
| /* confdefs.h.  */
| #define PACKAGE_NAME ""
| #define PACKAGE_TARNAME ""
| #define PACKAGE_VERSION ""
| #define PACKAGE_STRING ""
| #define PACKAGE_BUGREPORT ""
| #define PACKAGE "vifm"
| #define VERSION "0.6"
| #define STDC_HEADERS 1
| #define HAVE_SYS_TYPES_H 1
| #define HAVE_SYS_STAT_H 1
| #define HAVE_STDLIB_H 1
| #define HAVE_STRING_H 1
| #define HAVE_MEMORY_H 1
| #define HAVE_STRINGS_H 1
| #define HAVE_INTTYPES_H 1
| #define HAVE_STDINT_H 1
| #define HAVE_UNISTD_H 1
| #define HAVE_DLFCN_H 1
| #define LT_OBJDIR ".libs/"
| #define HAVE_LIMITS_H 1
| #define HAVE_SYS_TIME_H 1
| #define HAVE_UNISTD_H 1
| #define HAVE_WCHAR_H 1
| #define HAVE_GETCWD 1
| #define HAVE_MKDIR 1
| #define HAVE_REGCOMP 1
| #define HAVE_STRDUP 1
| #define HAVE_STRSTR 1
| #define HAVE_FSEEKO 1
| /* end confdefs.h.  */
| #include <stdio.h>
| #ifdef HAVE_SYS_TYPES_H
| # include <sys/types.h>
| #endif
| #ifdef HAVE_SYS_STAT_H
| # include <sys/stat.h>
| #endif
| #ifdef STDC_HEADERS
| # include <stdlib.h>
| # include <stddef.h>
| #else
| # ifdef HAVE_STDLIB_H
| #  include <stdlib.h>
| # endif
| #endif
| #ifdef HAVE_STRING_H
| # if !defined STDC_HEADERS && defined HAVE_MEMORY_H
| #  include <memory.h>
| # endif
| # include <string.h>
| #endif
| #ifdef HAVE_STRINGS_H
| # include <strings.h>
| #endif
| #ifdef HAVE_INTTYPES_H
| # include <inttypes.h>
| #endif
| #ifdef HAVE_STDINT_H
| # include <stdint.h>
| #endif
| #ifdef HAVE_UNISTD_H
| # include <unistd.h>
| #endif
| int
| main ()
| {
| if (sizeof ((off_t)))
| 	  return 0;
|   ;
|   return 0;
| }
configure:13515: result: yes
configure:13575: checking for initscr in -lncursesw
configure:13610: gcc -o conftest -g -O2 -Wall   conftest.c -lncursesw   >&5
configure:13617: $? = 0
configure:13638: result: yes
configure:13661: checking ncurses.h usability
configure:13678: gcc -c -g -O2 -Wall  -I/usr/include/ncursesw conftest.c >&5
configure:13685: $? = 0
configure:13699: result: yes
configure:13703: checking ncurses.h presence
configure:13718: gcc -E  -I/usr/include/ncursesw conftest.c
configure:13725: $? = 0
configure:13739: result: yes
configure:13767: checking for ncurses.h
configure:13776: result: yes
configure:14151: creating ./config.status

## ---------------------- ##
## Running config.status. ##
## ---------------------- ##

This file was extended by config.status, which was
generated by GNU Autoconf 2.63.  Invocation command line was

  CONFIG_FILES    = 
  CONFIG_HEADERS  = 
  CONFIG_LINKS    = 
  CONFIG_COMMANDS = 
  $ ./config.status 

on Jabberwock

config.status:995: creating Makefile
config.status:995: creating src/Makefile
config.status:995: creating config.h
config.status:1269: executing depfiles commands
config.status:1269: executing libtool commands

## ---------------- ##
## Cache variables. ##
## ---------------- ##

ac_cv_build=x86_64-unknown-linux-gnu
ac_cv_c_compiler_gnu=yes
ac_cv_env_CC_set=
ac_cv_env_CC_value=
ac_cv_env_CFLAGS_set=
ac_cv_env_CFLAGS_value=
ac_cv_env_CPPFLAGS_set=
ac_cv_env_CPPFLAGS_value=
ac_cv_env_CPP_set=
ac_cv_env_CPP_value=
ac_cv_env_LDFLAGS_set=
ac_cv_env_LDFLAGS_value=
ac_cv_env_LIBS_set=
ac_cv_env_LIBS_value=
ac_cv_env_build_alias_set=
ac_cv_env_build_alias_value=
ac_cv_env_host_alias_set=
ac_cv_env_host_alias_value=
ac_cv_env_target_alias_set=
ac_cv_env_target_alias_value=
ac_cv_func_getcwd=yes
ac_cv_func_mkdir=yes
ac_cv_func_regcomp=yes
ac_cv_func_strdup=yes
ac_cv_func_strstr=yes
ac_cv_header_dlfcn_h=yes
ac_cv_header_inttypes_h=yes
ac_cv_header_limits_h=yes
ac_cv_header_memory_h=yes
ac_cv_header_ncurses_h=yes
ac_cv_header_stdc=yes
ac_cv_header_stdint_h=yes
ac_cv_header_stdlib_h=yes
ac_cv_header_string_h=yes
ac_cv_header_strings_h=yes
ac_cv_header_sys_stat_h=yes
ac_cv_header_sys_time_h=yes
ac_cv_header_sys_types_h=yes
ac_cv_header_unistd_h=yes
ac_cv_header_wchar_h=yes
ac_cv_host=x86_64-unknown-linux-gnu
ac_cv_lib_ncursesw_initscr=yes
ac_cv_objext=o
ac_cv_path_EGREP='/bin/grep -E'
ac_cv_path_FGREP='/bin/grep -F'
ac_cv_path_GREP=/bin/grep
ac_cv_path_SED=/bin/sed
ac_cv_path_install='/usr/bin/install -c'
ac_cv_path_mkdir=/bin/mkdir
ac_cv_prog_AWK=mawk
ac_cv_prog_CPP='gcc -E'
ac_cv_prog_ac_ct_AR=ar
ac_cv_prog_ac_ct_CC=gcc
ac_cv_prog_ac_ct_OBJDUMP=objdump
ac_cv_prog_ac_ct_RANLIB=ranlib
ac_cv_prog_ac_ct_STRIP=strip
ac_cv_prog_cc_c89=
ac_cv_prog_cc_g=yes
ac_cv_prog_make_make_set=yes
ac_cv_search_strerror='none required'
ac_cv_sys_file_offset_bits=no
ac_cv_sys_largefile_CC=no
ac_cv_sys_largefile_source=no
ac_cv_type_off_t=yes
am_cv_CC_dependencies_compiler_type=gcc3
am_cv_prog_cc_stdc=
lt_cv_deplibs_check_method=pass_all
lt_cv_file_magic_cmd='$MAGIC_CMD'
lt_cv_file_magic_test_file=
lt_cv_ld_reload_flag=-r
lt_cv_nm_interface='BSD nm'
lt_cv_objdir=.libs
lt_cv_path_LD=/usr/bin/ld
lt_cv_path_NM='/usr/bin/nm -B'
lt_cv_prog_compiler_c_o=yes
lt_cv_prog_compiler_pic_works=yes
lt_cv_prog_compiler_rtti_exceptions=no
lt_cv_prog_compiler_static_works=yes
lt_cv_prog_gnu_ld=yes
lt_cv_sys_global_symbol_pipe='sed -n -e '\''s/^.*[	 ]\([ABCDGIRSTW][ABCDGIRSTW]*\)[	 ][	 ]*\([_A-Za-z][_A-Za-z0-9]*\)$/\1 \2 \2/p'\'''
lt_cv_sys_global_symbol_to_c_name_address='sed -n -e '\''s/^: \([^ ]*\) $/  {\"\1\", (void *) 0},/p'\'' -e '\''s/^[ABCDGIRSTW]* \([^ ]*\) \([^ ]*\)$/  {"\2", (void *) \&\2},/p'\'''
lt_cv_sys_global_symbol_to_c_name_address_lib_prefix='sed -n -e '\''s/^: \([^ ]*\) $/  {\"\1\", (void *) 0},/p'\'' -e '\''s/^[ABCDGIRSTW]* \([^ ]*\) \(lib[^ ]*\)$/  {"\2", (void *) \&\2},/p'\'' -e '\''s/^[ABCDGIRSTW]* \([^ ]*\) \([^ ]*\)$/  {"lib\2", (void *) \&\2},/p'\'''
lt_cv_sys_global_symbol_to_cdecl='sed -n -e '\''s/^T .* \(.*\)$/extern int \1();/p'\'' -e '\''s/^[ABCDGIRSTW]* .* \(.*\)$/extern char \1;/p'\'''
lt_cv_sys_max_cmd_len=1572864
vifm_cv_curses=/usr

## ----------------- ##
## Output variables. ##
## ----------------- ##

ACLOCAL='${SHELL} /home/kcs/vifm/missing --run aclocal-1.10'
AMDEPBACKSLASH='\'
AMDEP_FALSE='#'
AMDEP_TRUE=''
AMTAR='${SHELL} /home/kcs/vifm/missing --run tar'
AR='ar'
AUTOCONF='${SHELL} /home/kcs/vifm/missing --run autoconf'
AUTOHEADER='${SHELL} /home/kcs/vifm/missing --run autoheader'
AUTOMAKE='${SHELL} /home/kcs/vifm/missing --run automake-1.10'
AWK='mawk'
CC='gcc'
CCDEPMODE='depmode=gcc3'
CFLAGS='-g -O2 -Wall'
CPP='gcc -E'
CPPFLAGS=' -I/usr/include/ncursesw'
CYGPATH_W='echo'
DEFS='-DHAVE_CONFIG_H'
DEPDIR='.deps'
DSYMUTIL=''
DUMPBIN=''
ECHO_C=''
ECHO_N='-n'
ECHO_T=''
EGREP='/bin/grep -E'
EXEEXT=''
FGREP='/bin/grep -F'
GREP='/bin/grep'
INSTALL_DATA='${INSTALL} -m 644'
INSTALL_PROGRAM='${INSTALL}'
INSTALL_SCRIPT='${INSTALL}'
INSTALL_STRIP_PROGRAM='$(install_sh) -c -s'
LD='/usr/bin/ld -m elf_x86_64'
LDFLAGS=''
LIBOBJS=''
LIBS=' -lncursesw'
LIBTOOL='$(SHELL) $(top_builddir)/libtool'
LIPO=''
LN_S='ln -s'
LTLIBOBJS=''
MAKEINFO='${SHELL} /home/kcs/vifm/missing --run makeinfo'
MKDIR_P='/bin/mkdir -p'
NM='/usr/bin/nm -B'
NMEDIT=''
OBJDUMP='objdump'
OBJEXT='o'
OTOOL64=''
OTOOL=''
PACKAGE='vifm'
PACKAGE_BUGREPORT=''
PACKAGE_NAME=''
PACKAGE_STRING=''
PACKAGE_TARNAME=''
PACKAGE_VERSION=''
PATH_SEPARATOR=':'
RANLIB='ranlib'
SED='/bin/sed'
SET_MAKE=''
SHELL='/bin/bash'
STRIP='strip'
VERSION='0.6'
ac_ct_CC='gcc'
ac_ct_DUMPBIN=''
am__fastdepCC_FALSE='#'
am__fastdepCC_TRUE=''
am__include='include'
am__isrc=''
am__leading_dot='.'
am__quote=''
am__tar='${AMTAR} chof - "$$tardir"'
am__untar='${AMTAR} xf -'
bindir='${exec_prefix}/bin'
build='x86_64-unknown-linux-gnu'
build_alias=''
build_cpu='x86_64'
build_os='linux-gnu'
build_vendor='unknown'
datadir='${datarootdir}'
datarootdir='${prefix}/share'
docdir='${datarootdir}/doc/${PACKAGE}'
dvidir='${docdir}'
exec_prefix='${prefix}'
host='x86_64-unknown-linux-gnu'
host_alias=''
host_cpu='x86_64'
host_os='linux-gnu'
host_vendor='unknown'
htmldir='${docdir}'
includedir='${prefix}/include'
infodir='${datarootdir}/info'
install_sh='$(SHELL) /home/kcs/vifm/install-sh'
libdir='${exec_prefix}/lib'
libexecdir='${exec_prefix}/libexec'
localedir='${datarootdir}/locale'
localstatedir='${prefix}/var'
lt_ECHO='echo'
mandir='${datarootdir}/man'
mkdir_p='/bin/mkdir -p'
oldincludedir='/usr/include'
pdfdir='${docdir}'
prefix='/usr/local'
program_transform_name='s,x,x,'
psdir='${docdir}'
sbindir='${exec_prefix}/sbin'
sharedstatedir='${prefix}/com'
sysconfdir='${prefix}/etc'
target_alias=''

## ----------- ##
## confdefs.h. ##
## ----------- ##

#define PACKAGE_NAME ""
#define PACKAGE_TARNAME ""
#define PACKAGE_VERSION ""
#define PACKAGE_STRING ""
#define PACKAGE_BUGREPORT ""
#define PACKAGE "vifm"
#define VERSION "0.6"
#define STDC_HEADERS 1
#define HAVE_SYS_TYPES_H 1
#define HAVE_SYS_STAT_H 1
#define HAVE_STDLIB_H 1
#define HAVE_STRING_H 1
#define HAVE_MEMORY_H 1
#define HAVE_STRINGS_H 1
#define HAVE_INTTYPES_H 1
#define HAVE_STDINT_H 1
#define HAVE_UNISTD_H 1
#define HAVE_DLFCN_H 1
#define LT_OBJDIR ".libs/"
#define HAVE_LIMITS_H 1
#define HAVE_SYS_TIME_H 1
#define HAVE_UNISTD_H 1
#define HAVE_WCHAR_H 1
#define HAVE_GETCWD 1
#define HAVE_MKDIR 1
#define HAVE_REGCOMP 1
#define HAVE_STRDUP 1
#define HAVE_STRSTR 1
#define HAVE_FSEEKO 1
#define PACKAGE_DATA_DIR "${datarootdir}/vifm"
#define PACKAGE_SOURCE_DIR "/home/kcs/vifm"
#define HAVE_NCURSES_H 1

configure: exit 0
